#! /c/iverilog/bin/vvp
:ivl_version "0.9.7 " "(v0_9_7)";
:vpi_time_precision - 9;
:vpi_module "system";
:vpi_module "v2005_math";
:vpi_module "va_math";
S_00848B38 .scope module, "tb_link_top" "tb_link_top" 2 4;
 .timescale -9 -9;
v008F0040_0 .var "clk", 0 0;
v008EFF38_0 .net "done", 0 0, v00843570_0; 1 drivers
v008F01F8_0 .var "rst", 0 0;
E_008E45D8 .event edge, v00843570_0;
S_00849110 .scope module, "dut" "link_top" 2 9, 3 2, S_00848B38;
 .timescale 0 0;
v008F0098_0 .net "ack", 0 0, v0084BA10_0; 1 drivers
v008F04B8_0 .net "clk", 0 0, v008F0040_0; 1 drivers
v008F02A8_0 .net "data", 7 0, v008F3910_0; 1 drivers
v008EFEE0_0 .alias "done", 0 0, v008EFF38_0;
v008F00F0_0 .net "last_byte", 7 0, v008F3C28_0; 1 drivers
v008EFFE8_0 .net "req", 0 0, v00843620_0; 1 drivers
v008F0460_0 .net "rst", 0 0, v008F01F8_0; 1 drivers
S_00848BC0 .scope module, "u_master" "master_fsm" 3 12, 4 2, S_00849110;
 .timescale 0 0;
P_008F5094 .param/l "M_DROP_REQ" 4 15, C4<011>;
P_008F50A8 .param/l "M_FINISH" 4 16, C4<100>;
P_008F50BC .param/l "M_IDLE" 4 12, C4<000>;
P_008F50D0 .param/l "M_REQ" 4 13, C4<001>;
P_008F50E4 .param/l "M_WAIT_ACK" 4 14, C4<010>;
v008F5100_0 .alias "ack", 0 0, v008F0098_0;
v008F3860_0 .var "byte_idx", 1 0;
v008F38B8_0 .alias "clk", 0 0, v008F04B8_0;
v008F3910_0 .var "data", 7 0;
v00843570_0 .var "done", 0 0;
v008435C8_0 .var "next", 2 0;
v00843620_0 .var "req", 0 0;
v0084E970_0 .alias "rst", 0 0, v008F0460_0;
v008F0250_0 .var "state", 2 0;
E_008E4838 .event edge, v008F0250_0, v0084BA10_0, v008F3860_0;
S_00849330 .scope module, "u_slave" "slave_fsm" 3 17, 5 2, S_00849110;
 .timescale 0 0;
P_0084BB34 .param/l "S_ASSERT_ACK" 5 13, C4<01>;
P_0084BB48 .param/l "S_DROP_ACK" 5 15, C4<11>;
P_0084BB5C .param/l "S_HOLD_ACK" 5 14, C4<10>;
P_0084BB70 .param/l "S_WAIT_REQ" 5 12, C4<00>;
v0084BA10_0 .var "ack", 0 0;
v008E55C8_0 .alias "clk", 0 0, v008F04B8_0;
v0084BBF0_0 .alias "data_in", 7 0, v008F02A8_0;
v0084BC48_0 .var "hold_cnt", 1 0;
v008F3C28_0 .var "last_byte", 7 0;
v008F3C80_0 .var "next", 1 0;
v00843F70_0 .alias "req", 0 0, v008EFFE8_0;
v00843FC8_0 .alias "rst", 0 0, v008F0460_0;
v008F5038_0 .var "state", 1 0;
E_008E4938 .event posedge, v008E55C8_0;
E_008E4618 .event edge, v008F5038_0, v00843F70_0, v0084BC48_0;
    .scope S_00848BC0;
T_0 ;
    %wait E_008E4838;
    %load/v 8, v008F0250_0, 3;
    %set/v v008435C8_0, 8, 3;
    %load/v 8, v008F0250_0, 3;
    %cmpi/u 8, 0, 3;
    %jmp/1 T_0.0, 6;
    %cmpi/u 8, 1, 3;
    %jmp/1 T_0.1, 6;
    %cmpi/u 8, 2, 3;
    %jmp/1 T_0.2, 6;
    %cmpi/u 8, 3, 3;
    %jmp/1 T_0.3, 6;
    %cmpi/u 8, 4, 3;
    %jmp/1 T_0.4, 6;
    %jmp T_0.5;
T_0.0 ;
    %movi 8, 1, 3;
    %set/v v008435C8_0, 8, 3;
    %jmp T_0.5;
T_0.1 ;
    %movi 8, 2, 3;
    %set/v v008435C8_0, 8, 3;
    %jmp T_0.5;
T_0.2 ;
    %load/v 8, v008F5100_0, 1;
    %jmp/0xz  T_0.6, 8;
    %movi 8, 3, 3;
    %set/v v008435C8_0, 8, 3;
T_0.6 ;
    %jmp T_0.5;
T_0.3 ;
    %load/v 8, v008F5100_0, 1;
    %inv 8, 1;
    %jmp/0xz  T_0.8, 8;
    %load/v 8, v008F3860_0, 2;
    %cmpi/u 8, 3, 2;
    %jmp/0xz  T_0.10, 4;
    %movi 8, 4, 3;
    %set/v v008435C8_0, 8, 3;
    %jmp T_0.11;
T_0.10 ;
    %movi 8, 1, 3;
    %set/v v008435C8_0, 8, 3;
T_0.11 ;
T_0.8 ;
    %jmp T_0.5;
T_0.4 ;
    %set/v v008435C8_0, 0, 3;
    %jmp T_0.5;
T_0.5 ;
    %jmp T_0;
    .thread T_0, $push;
    .scope S_00848BC0;
T_1 ;
    %wait E_008E4938;
    %load/v 8, v0084E970_0, 1;
    %jmp/0xz  T_1.0, 8;
    %ix/load 0, 3, 0;
    %assign/v0 v008F0250_0, 0, 0;
    %ix/load 0, 2, 0;
    %assign/v0 v008F3860_0, 0, 0;
    %ix/load 0, 1, 0;
    %assign/v0 v00843620_0, 0, 0;
    %ix/load 0, 8, 0;
    %assign/v0 v008F3910_0, 0, 0;
    %ix/load 0, 1, 0;
    %assign/v0 v00843570_0, 0, 0;
    %jmp T_1.1;
T_1.0 ;
    %load/v 8, v008435C8_0, 3;
    %ix/load 0, 3, 0;
    %assign/v0 v008F0250_0, 0, 8;
    %ix/load 0, 1, 0;
    %assign/v0 v00843570_0, 0, 0;
    %load/v 8, v008F0250_0, 3;
    %cmpi/u 8, 0, 3;
    %jmp/1 T_1.2, 6;
    %cmpi/u 8, 1, 3;
    %jmp/1 T_1.3, 6;
    %cmpi/u 8, 2, 3;
    %jmp/1 T_1.4, 6;
    %cmpi/u 8, 3, 3;
    %jmp/1 T_1.5, 6;
    %cmpi/u 8, 4, 3;
    %jmp/1 T_1.6, 6;
    %jmp T_1.7;
T_1.2 ;
    %ix/load 0, 1, 0;
    %assign/v0 v00843620_0, 0, 0;
    %ix/load 0, 2, 0;
    %assign/v0 v008F3860_0, 0, 0;
    %jmp T_1.7;
T_1.3 ;
    %ix/load 0, 1, 0;
    %assign/v0 v00843620_0, 0, 1;
    %load/v 8, v008F3860_0, 2;
    %mov 10, 0, 6;
    %ix/load 0, 8, 0;
    %assign/v0 v008F3910_0, 0, 8;
    %jmp T_1.7;
T_1.4 ;
    %jmp T_1.7;
T_1.5 ;
    %ix/load 0, 1, 0;
    %assign/v0 v00843620_0, 0, 0;
    %load/v 8, v008F5100_0, 1;
    %inv 8, 1;
    %jmp/0xz  T_1.8, 8;
    %load/v 8, v008F3860_0, 2;
    %mov 10, 0, 30;
    %addi 8, 1, 32;
    %ix/load 0, 2, 0;
    %assign/v0 v008F3860_0, 0, 8;
T_1.8 ;
    %jmp T_1.7;
T_1.6 ;
    %ix/load 0, 1, 0;
    %assign/v0 v00843570_0, 0, 1;
    %jmp T_1.7;
T_1.7 ;
T_1.1 ;
    %jmp T_1;
    .thread T_1;
    .scope S_00849330;
T_2 ;
    %wait E_008E4618;
    %load/v 8, v008F5038_0, 2;
    %set/v v008F3C80_0, 8, 2;
    %load/v 8, v008F5038_0, 2;
    %cmpi/u 8, 0, 2;
    %jmp/1 T_2.0, 6;
    %cmpi/u 8, 1, 2;
    %jmp/1 T_2.1, 6;
    %cmpi/u 8, 2, 2;
    %jmp/1 T_2.2, 6;
    %cmpi/u 8, 3, 2;
    %jmp/1 T_2.3, 6;
    %jmp T_2.4;
T_2.0 ;
    %load/v 8, v00843F70_0, 1;
    %jmp/0xz  T_2.5, 8;
    %movi 8, 1, 2;
    %set/v v008F3C80_0, 8, 2;
T_2.5 ;
    %jmp T_2.4;
T_2.1 ;
    %movi 8, 2, 2;
    %set/v v008F3C80_0, 8, 2;
    %jmp T_2.4;
T_2.2 ;
    %load/v 8, v0084BC48_0, 2;
    %cmpi/u 8, 1, 2;
    %jmp/0xz  T_2.7, 4;
    %set/v v008F3C80_0, 1, 2;
T_2.7 ;
    %jmp T_2.4;
T_2.3 ;
    %load/v 8, v00843F70_0, 1;
    %inv 8, 1;
    %jmp/0xz  T_2.9, 8;
    %set/v v008F3C80_0, 0, 2;
T_2.9 ;
    %jmp T_2.4;
T_2.4 ;
    %jmp T_2;
    .thread T_2, $push;
    .scope S_00849330;
T_3 ;
    %wait E_008E4938;
    %load/v 8, v00843FC8_0, 1;
    %jmp/0xz  T_3.0, 8;
    %ix/load 0, 2, 0;
    %assign/v0 v008F5038_0, 0, 0;
    %ix/load 0, 1, 0;
    %assign/v0 v0084BA10_0, 0, 0;
    %ix/load 0, 8, 0;
    %assign/v0 v008F3C28_0, 0, 0;
    %ix/load 0, 2, 0;
    %assign/v0 v0084BC48_0, 0, 0;
    %jmp T_3.1;
T_3.0 ;
    %load/v 8, v008F3C80_0, 2;
    %ix/load 0, 2, 0;
    %assign/v0 v008F5038_0, 0, 8;
    %load/v 8, v008F5038_0, 2;
    %cmpi/u 8, 0, 2;
    %jmp/1 T_3.2, 6;
    %cmpi/u 8, 1, 2;
    %jmp/1 T_3.3, 6;
    %cmpi/u 8, 2, 2;
    %jmp/1 T_3.4, 6;
    %cmpi/u 8, 3, 2;
    %jmp/1 T_3.5, 6;
    %jmp T_3.6;
T_3.2 ;
    %ix/load 0, 1, 0;
    %assign/v0 v0084BA10_0, 0, 0;
    %jmp T_3.6;
T_3.3 ;
    %ix/load 0, 1, 0;
    %assign/v0 v0084BA10_0, 0, 1;
    %load/v 8, v0084BBF0_0, 8;
    %ix/load 0, 8, 0;
    %assign/v0 v008F3C28_0, 0, 8;
    %ix/load 0, 2, 0;
    %assign/v0 v0084BC48_0, 0, 0;
    %jmp T_3.6;
T_3.4 ;
    %ix/load 0, 1, 0;
    %assign/v0 v0084BA10_0, 0, 1;
    %load/v 8, v0084BC48_0, 2;
    %mov 10, 0, 30;
    %addi 8, 1, 32;
    %ix/load 0, 2, 0;
    %assign/v0 v0084BC48_0, 0, 8;
    %jmp T_3.6;
T_3.5 ;
    %ix/load 0, 1, 0;
    %assign/v0 v0084BA10_0, 0, 0;
    %jmp T_3.6;
T_3.6 ;
T_3.1 ;
    %jmp T_3;
    .thread T_3;
    .scope S_00848B38;
T_4 ;
    %set/v v008F0040_0, 0, 1;
    %end;
    .thread T_4;
    .scope S_00848B38;
T_5 ;
    %delay 5, 0;
    %load/v 8, v008F0040_0, 1;
    %inv 8, 1;
    %set/v v008F0040_0, 8, 1;
    %jmp T_5;
    .thread T_5;
    .scope S_00848B38;
T_6 ;
    %vpi_call 2 15 "$dumpfile", "dump.vcd";
    %vpi_call 2 16 "$dumpvars", 1'sb0, S_00848B38;
    %end;
    .thread T_6;
    .scope S_00848B38;
T_7 ;
    %set/v v008F01F8_0, 1, 1;
    %movi 8, 3, 3;
T_7.0 %cmp/s 0, 8, 3;
    %jmp/0xz T_7.1, 5;
    %add 8, 1, 3;
    %wait E_008E4938;
    %jmp T_7.0;
T_7.1 ;
    %set/v v008F01F8_0, 0, 1;
T_7.2 ;
    %load/v 8, v008EFF38_0, 1;
    %cmpi/u 8, 1, 1;
    %inv 6, 1;
    %jmp/0xz T_7.3, 6;
    %wait E_008E45D8;
    %jmp T_7.2;
T_7.3 ;
    %vpi_call 2 25 "$display", "Master asserted done at time %0t", $time;
    %movi 8, 10, 5;
T_7.4 %cmp/s 0, 8, 5;
    %jmp/0xz T_7.5, 5;
    %add 8, 1, 5;
    %wait E_008E4938;
    %jmp T_7.4;
T_7.5 ;
    %vpi_call 2 29 "$finish";
    %end;
    .thread T_7;
    .scope S_00848B38;
T_8 ;
    %wait E_008E4938;
    %vpi_call 2 33 "$strobe", "t=%0t req=%b ack=%b data=%h done=%b", $time, v00843620_0, v0084BA10_0, v008F3910_0, v008EFF38_0;
    %jmp T_8;
    .thread T_8;
# The file index is used to find the file name in the following table.
:file_names 6;
    "N/A";
    "<interactive>";
    "tb_link_top.v";
    "link_top.v";
    "master_fsm.v";
    "slave_fsm.v";
