#! /c/iverilog/bin/vvp
:ivl_version "0.9.7 " "(v0_9_7)";
:vpi_time_precision - 9;
:vpi_module "system";
:vpi_module "v2005_math";
:vpi_module "va_math";
S_010DA9D8 .scope module, "tb_traffic_light" "tb_traffic_light" 2 4;
 .timescale -9 -9;
v00FA6E00_0 .var "clk", 0 0;
v00FA6E58_0 .var/i "cyc", 31 0;
v00FA6EB0_0 .net "ew_g", 0 0, v00FA5A20_0; 1 drivers
v00FA6F08_0 .net "ew_r", 0 0, v00FA5A78_0; 1 drivers
v00FB0E48_0 .net "ew_y", 0 0, v00FA5AD0_0; 1 drivers
v00FB0FA8_0 .net "ns_g", 0 0, v010D35C8_0; 1 drivers
v00FB0BE0_0 .net "ns_r", 0 0, v010D3620_0; 1 drivers
v00FB0EA0_0 .net "ns_y", 0 0, v010DD3E8_0; 1 drivers
v00FB1160_0 .var "rst", 0 0;
v00FB0EF8_0 .var "tick", 0 0;
S_010DA0D0 .scope module, "dut" "traffic_light" 2 9, 3 4, S_010DA9D8;
 .timescale 0 0;
P_010D4124 .param/l "DUR_EW_G" 3 22, +C4<00000000000000000000000000000101>;
P_010D4138 .param/l "DUR_EW_Y" 3 23, +C4<00000000000000000000000000000010>;
P_010D414C .param/l "DUR_NS_G" 3 20, +C4<00000000000000000000000000000101>;
P_010D4160 .param/l "DUR_NS_Y" 3 21, +C4<00000000000000000000000000000010>;
P_010D4174 .param/l "S_EW_G" 3 16, C4<10>;
P_010D4188 .param/l "S_EW_Y" 3 17, C4<11>;
P_010D419C .param/l "S_NS_G" 3 14, C4<00>;
P_010D41B0 .param/l "S_NS_Y" 3 15, C4<01>;
v00FA50F8_0 .net "clk", 0 0, v00FA6E00_0; 1 drivers
v00FA5A20_0 .var "ew_g", 0 0;
v00FA5A78_0 .var "ew_r", 0 0;
v00FA5AD0_0 .var "ew_y", 0 0;
v010D3570_0 .var "next_state", 1 0;
v010D35C8_0 .var "ns_g", 0 0;
v010D3620_0 .var "ns_r", 0 0;
v010DD3E8_0 .var "ns_y", 0 0;
v010DD440_0 .net "rst", 0 0, v00FB1160_0; 1 drivers
v010DD498_0 .var "state", 1 0;
v00FA6D50_0 .net "tick", 0 0, v00FB0EF8_0; 1 drivers
v00FA6DA8_0 .var "tick_count", 2 0;
E_00FA7B08 .event edge, v010DD498_0;
E_00FA7D88 .event posedge, v00FA50F8_0;
E_00FA7AC8 .event edge, v010DD498_0, v00FA6D50_0, v00FA6DA8_0;
    .scope S_010DA0D0;
T_0 ;
    %wait E_00FA7AC8;
    %load/v 8, v010DD498_0, 2;
    %set/v v010D3570_0, 8, 2;
    %load/v 8, v010DD498_0, 2;
    %cmpi/u 8, 0, 2;
    %jmp/1 T_0.0, 6;
    %cmpi/u 8, 1, 2;
    %jmp/1 T_0.1, 6;
    %cmpi/u 8, 2, 2;
    %jmp/1 T_0.2, 6;
    %cmpi/u 8, 3, 2;
    %jmp/1 T_0.3, 6;
    %jmp T_0.4;
T_0.0 ;
    %load/v 8, v00FA6D50_0, 1;
    %load/v 9, v00FA6DA8_0, 3;
    %mov 12, 0, 30;
    %cmpi/u 9, 4, 33;
    %mov 9, 4, 1;
    %and 8, 9, 1;
    %jmp/0xz  T_0.5, 8;
    %movi 8, 1, 2;
    %set/v v010D3570_0, 8, 2;
T_0.5 ;
    %jmp T_0.4;
T_0.1 ;
    %load/v 8, v00FA6D50_0, 1;
    %load/v 9, v00FA6DA8_0, 3;
    %mov 12, 0, 30;
    %cmpi/u 9, 1, 33;
    %mov 9, 4, 1;
    %and 8, 9, 1;
    %jmp/0xz  T_0.7, 8;
    %movi 8, 2, 2;
    %set/v v010D3570_0, 8, 2;
T_0.7 ;
    %jmp T_0.4;
T_0.2 ;
    %load/v 8, v00FA6D50_0, 1;
    %load/v 9, v00FA6DA8_0, 3;
    %mov 12, 0, 30;
    %cmpi/u 9, 4, 33;
    %mov 9, 4, 1;
    %and 8, 9, 1;
    %jmp/0xz  T_0.9, 8;
    %set/v v010D3570_0, 1, 2;
T_0.9 ;
    %jmp T_0.4;
T_0.3 ;
    %load/v 8, v00FA6D50_0, 1;
    %load/v 9, v00FA6DA8_0, 3;
    %mov 12, 0, 30;
    %cmpi/u 9, 1, 33;
    %mov 9, 4, 1;
    %and 8, 9, 1;
    %jmp/0xz  T_0.11, 8;
    %set/v v010D3570_0, 0, 2;
T_0.11 ;
    %jmp T_0.4;
T_0.4 ;
    %jmp T_0;
    .thread T_0, $push;
    .scope S_010DA0D0;
T_1 ;
    %wait E_00FA7D88;
    %load/v 8, v010DD440_0, 1;
    %jmp/0xz  T_1.0, 8;
    %ix/load 0, 2, 0;
    %assign/v0 v010DD498_0, 0, 0;
    %ix/load 0, 3, 0;
    %assign/v0 v00FA6DA8_0, 0, 0;
    %jmp T_1.1;
T_1.0 ;
    %load/v 8, v00FA6D50_0, 1;
    %jmp/0xz  T_1.2, 8;
    %load/v 8, v010DD498_0, 2;
    %cmpi/u 8, 0, 2;
    %mov 8, 4, 1;
    %load/v 9, v00FA6DA8_0, 3;
    %mov 12, 0, 30;
    %cmpi/u 9, 4, 33;
    %mov 9, 4, 1;
    %and 8, 9, 1;
    %load/v 9, v010DD498_0, 2;
    %cmpi/u 9, 1, 2;
    %mov 9, 4, 1;
    %load/v 10, v00FA6DA8_0, 3;
    %mov 13, 0, 30;
    %cmpi/u 10, 1, 33;
    %mov 10, 4, 1;
    %and 9, 10, 1;
    %or 8, 9, 1;
    %load/v 9, v010DD498_0, 2;
    %cmpi/u 9, 2, 2;
    %mov 9, 4, 1;
    %load/v 10, v00FA6DA8_0, 3;
    %mov 13, 0, 30;
    %cmpi/u 10, 4, 33;
    %mov 10, 4, 1;
    %and 9, 10, 1;
    %or 8, 9, 1;
    %load/v 9, v010DD498_0, 2;
    %cmpi/u 9, 3, 2;
    %mov 9, 4, 1;
    %load/v 10, v00FA6DA8_0, 3;
    %mov 13, 0, 30;
    %cmpi/u 10, 1, 33;
    %mov 10, 4, 1;
    %and 9, 10, 1;
    %or 8, 9, 1;
    %jmp/0xz  T_1.4, 8;
    %ix/load 0, 3, 0;
    %assign/v0 v00FA6DA8_0, 0, 0;
    %load/v 8, v010D3570_0, 2;
    %ix/load 0, 2, 0;
    %assign/v0 v010DD498_0, 0, 8;
    %jmp T_1.5;
T_1.4 ;
    %load/v 8, v00FA6DA8_0, 3;
    %mov 11, 0, 29;
    %addi 8, 1, 32;
    %ix/load 0, 3, 0;
    %assign/v0 v00FA6DA8_0, 0, 8;
T_1.5 ;
T_1.2 ;
T_1.1 ;
    %jmp T_1;
    .thread T_1;
    .scope S_010DA0D0;
T_2 ;
    %wait E_00FA7B08;
    %set/v v010D35C8_0, 0, 1;
    %set/v v010DD3E8_0, 0, 1;
    %set/v v010D3620_0, 0, 1;
    %set/v v00FA5A20_0, 0, 1;
    %set/v v00FA5AD0_0, 0, 1;
    %set/v v00FA5A78_0, 0, 1;
    %load/v 8, v010DD498_0, 2;
    %cmpi/u 8, 0, 2;
    %jmp/1 T_2.0, 6;
    %cmpi/u 8, 1, 2;
    %jmp/1 T_2.1, 6;
    %cmpi/u 8, 2, 2;
    %jmp/1 T_2.2, 6;
    %cmpi/u 8, 3, 2;
    %jmp/1 T_2.3, 6;
    %jmp T_2.4;
T_2.0 ;
    %set/v v010D35C8_0, 1, 1;
    %set/v v00FA5A78_0, 1, 1;
    %jmp T_2.4;
T_2.1 ;
    %set/v v010DD3E8_0, 1, 1;
    %set/v v00FA5A78_0, 1, 1;
    %jmp T_2.4;
T_2.2 ;
    %set/v v00FA5A20_0, 1, 1;
    %set/v v010D3620_0, 1, 1;
    %jmp T_2.4;
T_2.3 ;
    %set/v v00FA5AD0_0, 1, 1;
    %set/v v010D3620_0, 1, 1;
    %jmp T_2.4;
T_2.4 ;
    %jmp T_2;
    .thread T_2, $push;
    .scope S_010DA9D8;
T_3 ;
    %set/v v00FA6E00_0, 0, 1;
    %end;
    .thread T_3;
    .scope S_010DA9D8;
T_4 ;
    %delay 5, 0;
    %load/v 8, v00FA6E00_0, 1;
    %inv 8, 1;
    %set/v v00FA6E00_0, 8, 1;
    %jmp T_4;
    .thread T_4;
    .scope S_010DA9D8;
T_5 ;
    %wait E_00FA7D88;
    %load/v 8, v00FA6E58_0, 32;
    %mov 40, 39, 1;
    %addi 8, 1, 33;
    %ix/load 0, 32, 0;
    %assign/v0 v00FA6E58_0, 0, 8;
    %load/v 8, v00FA6E58_0, 32;
    %movi 40, 20, 32;
    %mod/s 8, 40, 32;
    %cmpi/u 8, 0, 32;
    %mov 8, 4, 1;
    %ix/load 0, 1, 0;
    %assign/v0 v00FB0EF8_0, 0, 8;
    %jmp T_5;
    .thread T_5;
    .scope S_010DA9D8;
T_6 ;
    %vpi_call 2 28 "$dumpfile", "dump.vcd";
    %vpi_call 2 29 "$dumpvars", 1'sb0, S_010DA9D8;
    %end;
    .thread T_6;
    .scope S_010DA9D8;
T_7 ;
    %set/v v00FA6E58_0, 0, 32;
    %set/v v00FB0EF8_0, 0, 1;
    %set/v v00FB1160_0, 1, 1;
    %movi 8, 3, 3;
T_7.0 %cmp/s 0, 8, 3;
    %jmp/0xz T_7.1, 5;
    %add 8, 1, 3;
    %wait E_00FA7D88;
    %jmp T_7.0;
T_7.1 ;
    %set/v v00FB1160_0, 0, 1;
    %movi 8, 1200, 12;
T_7.2 %cmp/s 0, 8, 12;
    %jmp/0xz T_7.3, 5;
    %add 8, 1, 12;
    %wait E_00FA7D88;
    %jmp T_7.2;
T_7.3 ;
    %vpi_call 2 41 "$display", "Simulation complete.";
    %vpi_call 2 42 "$finish";
    %end;
    .thread T_7;
    .scope S_010DA9D8;
T_8 ;
    %wait E_00FA7D88;
    %load/v 8, v00FB0EF8_0, 1;
    %jmp/0xz  T_8.0, 8;
    %load/v 8, v00FA6E58_0, 32;
    %movi 40, 20, 32;
    %div/s 8, 40, 32;
    %vpi_call 2 47 "$display", "TICK %0d : NS(g,y,r)=%0d%0d%0d  EW(g,y,r)=%0d%0d%0d", T<8,32,s>, v00FB0FA8_0, v00FB0EA0_0, v00FB0BE0_0, v00FA6EB0_0, v00FB0E48_0, v00FA6F08_0;
T_8.0 ;
    %jmp T_8;
    .thread T_8;
# The file index is used to find the file name in the following table.
:file_names 4;
    "N/A";
    "<interactive>";
    "tb_traffic_light.v";
    "traffic_light.v";
