#! /c/iverilog/bin/vvp
:ivl_version "0.9.7 " "(v0_9_7)";
:vpi_time_precision - 9;
:vpi_module "system";
:vpi_module "v2005_math";
:vpi_module "va_math";
S_0103E5B8 .scope module, "tb_seq_detect_mealy" "tb_seq_detect_mealy" 2 3;
 .timescale -9 -9;
P_01039854 .param/l "N" 2 25, +C4<00000000000000000000000000001011>;
v010350C0_0 .var "clk", 0 0;
v01033570_0 .var "din", 0 0;
v010335C8_0 .var/i "i", 31 0;
v01033620_0 .var "rst", 0 0;
v0103BAF0_0 .var "stream", 10 0;
v0103BB48_0 .net "y", 0 0, v01035068_0; 1 drivers
S_0103E0F0 .scope module, "dut" "seq_detect_mealy" 2 11, 3 5, S_0103E5B8;
 .timescale 0 0;
P_0103ECAC .param/l "S0" 3 17, C4<00>;
P_0103ECC0 .param/l "S1" 3 18, C4<01>;
P_0103ECD4 .param/l "S2" 3 19, C4<10>;
P_0103ECE8 .param/l "S3" 3 20, C4<11>;
v0103ED08_0 .net "clk", 0 0, v010350C0_0; 1 drivers
v0103EEB8_0 .net "din", 0 0, v01033570_0; 1 drivers
v0103EF10_0 .var "next_state", 1 0;
v0103EF68_0 .net "rst", 0 0, v01033620_0; 1 drivers
v01035010_0 .var "state", 1 0;
v01035068_0 .var "y", 0 0;
E_01039770 .event posedge, v0103ED08_0;
E_010394F0 .event edge, v01035010_0, v0103EEB8_0;
    .scope S_0103E0F0;
T_0 ;
    %wait E_010394F0;
    %load/v 8, v01035010_0, 2;
    %set/v v0103EF10_0, 8, 2;
    %set/v v01035068_0, 0, 1;
    %load/v 8, v01035010_0, 2;
    %cmpi/u 8, 0, 2;
    %jmp/1 T_0.0, 6;
    %cmpi/u 8, 1, 2;
    %jmp/1 T_0.1, 6;
    %cmpi/u 8, 2, 2;
    %jmp/1 T_0.2, 6;
    %cmpi/u 8, 3, 2;
    %jmp/1 T_0.3, 6;
    %set/v v0103EF10_0, 0, 2;
    %jmp T_0.5;
T_0.0 ;
    %load/v 8, v0103EEB8_0, 1;
    %jmp/0  T_0.6, 8;
    %movi 9, 1, 2;
    %jmp/1  T_0.8, 8;
T_0.6 ; End of true expr.
    %jmp/0  T_0.7, 8;
 ; End of false expr.
    %blend  9, 0, 2; Condition unknown.
    %jmp  T_0.8;
T_0.7 ;
    %mov 9, 0, 2; Return false value
T_0.8 ;
    %set/v v0103EF10_0, 9, 2;
    %jmp T_0.5;
T_0.1 ;
    %load/v 8, v0103EEB8_0, 1;
    %jmp/0  T_0.9, 8;
    %movi 9, 2, 2;
    %jmp/1  T_0.11, 8;
T_0.9 ; End of true expr.
    %jmp/0  T_0.10, 8;
 ; End of false expr.
    %blend  9, 0, 2; Condition unknown.
    %jmp  T_0.11;
T_0.10 ;
    %mov 9, 0, 2; Return false value
T_0.11 ;
    %set/v v0103EF10_0, 9, 2;
    %jmp T_0.5;
T_0.2 ;
    %load/v 8, v0103EEB8_0, 1;
    %jmp/0  T_0.12, 8;
    %movi 9, 2, 2;
    %jmp/1  T_0.14, 8;
T_0.12 ; End of true expr.
    %jmp/0  T_0.13, 8;
 ; End of false expr.
    %blend  9, 1, 2; Condition unknown.
    %jmp  T_0.14;
T_0.13 ;
    %mov 9, 1, 2; Return false value
T_0.14 ;
    %set/v v0103EF10_0, 9, 2;
    %jmp T_0.5;
T_0.3 ;
    %load/v 8, v0103EEB8_0, 1;
    %jmp/0xz  T_0.15, 8;
    %set/v v01035068_0, 1, 1;
    %movi 8, 1, 2;
    %set/v v0103EF10_0, 8, 2;
    %jmp T_0.16;
T_0.15 ;
    %set/v v0103EF10_0, 0, 2;
T_0.16 ;
    %jmp T_0.5;
T_0.5 ;
    %jmp T_0;
    .thread T_0, $push;
    .scope S_0103E0F0;
T_1 ;
    %wait E_01039770;
    %load/v 8, v0103EF68_0, 1;
    %jmp/0xz  T_1.0, 8;
    %ix/load 0, 2, 0;
    %assign/v0 v01035010_0, 0, 0;
    %jmp T_1.1;
T_1.0 ;
    %load/v 8, v0103EF10_0, 2;
    %ix/load 0, 2, 0;
    %assign/v0 v01035010_0, 0, 8;
T_1.1 ;
    %jmp T_1;
    .thread T_1;
    .scope S_0103E5B8;
T_2 ;
    %set/v v010350C0_0, 0, 1;
    %end;
    .thread T_2;
    .scope S_0103E5B8;
T_3 ;
    %set/v v01033620_0, 1, 1;
    %end;
    .thread T_3;
    .scope S_0103E5B8;
T_4 ;
    %set/v v01033570_0, 0, 1;
    %end;
    .thread T_4;
    .scope S_0103E5B8;
T_5 ;
    %delay 5, 0;
    %load/v 8, v010350C0_0, 1;
    %inv 8, 1;
    %set/v v010350C0_0, 8, 1;
    %jmp T_5;
    .thread T_5;
    .scope S_0103E5B8;
T_6 ;
    %movi 8, 1757, 11;
    %set/v v0103BAF0_0, 8, 11;
    %end;
    .thread T_6;
    .scope S_0103E5B8;
T_7 ;
    %vpi_call 2 32 "$dumpfile", "dump.vcd";
    %vpi_call 2 33 "$dumpvars", 1'sb0, S_0103E5B8;
    %movi 8, 2, 3;
T_7.0 %cmp/s 0, 8, 3;
    %jmp/0xz T_7.1, 5;
    %add 8, 1, 3;
    %wait E_01039770;
    %jmp T_7.0;
T_7.1 ;
    %ix/load 0, 1, 0;
    %assign/v0 v01033620_0, 0, 0;
    %wait E_01039770;
    %vpi_call 2 40 "$display", "Time   idx  din  y   (y pulses on the same cycle the final '1' of 1101 arrives)";
    %movi 8, 10, 32;
    %set/v v010335C8_0, 8, 32;
T_7.2 ;
    %load/v 8, v010335C8_0, 32;
    %cmp/s 0, 8, 32;
    %or 5, 4, 1;
    %jmp/0xz T_7.3, 5;
    %ix/getv/s 1, v010335C8_0;
    %jmp/1 T_7.4, 4;
    %load/x1p 8, v0103BAF0_0, 1;
    %jmp T_7.5;
T_7.4 ;
    %mov 8, 2, 1;
T_7.5 ;
; Save base=8 wid=1 in lookaside.
    %ix/load 0, 1, 0;
    %assign/v0 v01033570_0, 0, 8;
    %wait E_01039770;
    %movi 8, 10, 33;
    %load/v 41, v010335C8_0, 32;
    %mov 73, 72, 1;
    %sub 8, 41, 33;
    %vpi_call 2 46 "$display", "%0t  %2d    %0d    %0d", $time, T<8,33,s>, &PV<v0103BAF0_0, v010335C8_0, 1>, v0103BB48_0;
    %load/v 8, v010335C8_0, 32;
    %subi 8, 1, 32;
    %set/v v010335C8_0, 8, 32;
    %jmp T_7.2;
T_7.3 ;
    %ix/load 0, 1, 0;
    %assign/v0 v01033570_0, 0, 0;
    %movi 8, 3, 3;
T_7.6 %cmp/s 0, 8, 3;
    %jmp/0xz T_7.7, 5;
    %add 8, 1, 3;
    %wait E_01039770;
    %jmp T_7.6;
T_7.7 ;
    %vpi_call 2 53 "$finish";
    %end;
    .thread T_7;
# The file index is used to find the file name in the following table.
:file_names 4;
    "N/A";
    "<interactive>";
    "tb_seq_detect_mealy.v";
    "seq_detect_mealy.v";
